c:\users\spawn\desktop\gbc\w2018\game2002 multimedia systems development\projects\base sfml project\baseproject\baseproject\debug\vc140.pdb
c:\users\spawn\desktop\gbc\w2018\game2002 multimedia systems development\projects\base sfml project\baseproject\baseproject\debug\vc140.idb
c:\users\spawn\desktop\gbc\w2018\game2002 multimedia systems development\projects\base sfml project\baseproject\baseproject\debug\game.obj
c:\users\spawn\desktop\gbc\w2018\game2002 multimedia systems development\projects\base sfml project\baseproject\baseproject\debug\main.obj
c:\users\spawn\desktop\gbc\w2018\game2002 multimedia systems development\projects\base sfml project\baseproject\baseproject\debug\ball.obj
c:\users\spawn\desktop\gbc\w2018\game2002 multimedia systems development\projects\base sfml project\baseproject\debug\baseproject.ilk
c:\users\spawn\desktop\gbc\w2018\game2002 multimedia systems development\projects\base sfml project\baseproject\debug\baseproject.exe
c:\users\spawn\desktop\gbc\w2018\game2002 multimedia systems development\projects\base sfml project\baseproject\debug\baseproject.pdb
c:\users\spawn\desktop\gbc\w2018\game2002 multimedia systems development\projects\base sfml project\baseproject\baseproject\debug\baseproject.tlog\cl.command.1.tlog
c:\users\spawn\desktop\gbc\w2018\game2002 multimedia systems development\projects\base sfml project\baseproject\baseproject\debug\baseproject.tlog\cl.read.1.tlog
c:\users\spawn\desktop\gbc\w2018\game2002 multimedia systems development\projects\base sfml project\baseproject\baseproject\debug\baseproject.tlog\cl.write.1.tlog
c:\users\spawn\desktop\gbc\w2018\game2002 multimedia systems development\projects\base sfml project\baseproject\baseproject\debug\baseproject.tlog\link-cvtres.read.1.tlog
c:\users\spawn\desktop\gbc\w2018\game2002 multimedia systems development\projects\base sfml project\baseproject\baseproject\debug\baseproject.tlog\link-cvtres.write.1.tlog
c:\users\spawn\desktop\gbc\w2018\game2002 multimedia systems development\projects\base sfml project\baseproject\baseproject\debug\baseproject.tlog\link-rc.read.1.tlog
c:\users\spawn\desktop\gbc\w2018\game2002 multimedia systems development\projects\base sfml project\baseproject\baseproject\debug\baseproject.tlog\link-rc.write.1.tlog
c:\users\spawn\desktop\gbc\w2018\game2002 multimedia systems development\projects\base sfml project\baseproject\baseproject\debug\baseproject.tlog\link.15140-cvtres.read.1.tlog
c:\users\spawn\desktop\gbc\w2018\game2002 multimedia systems development\projects\base sfml project\baseproject\baseproject\debug\baseproject.tlog\link.15140-cvtres.write.1.tlog
c:\users\spawn\desktop\gbc\w2018\game2002 multimedia systems development\projects\base sfml project\baseproject\baseproject\debug\baseproject.tlog\link.15140-rc.read.1.tlog
c:\users\spawn\desktop\gbc\w2018\game2002 multimedia systems development\projects\base sfml project\baseproject\baseproject\debug\baseproject.tlog\link.15140-rc.write.1.tlog
c:\users\spawn\desktop\gbc\w2018\game2002 multimedia systems development\projects\base sfml project\baseproject\baseproject\debug\baseproject.tlog\link.15140.read.1.tlog
c:\users\spawn\desktop\gbc\w2018\game2002 multimedia systems development\projects\base sfml project\baseproject\baseproject\debug\baseproject.tlog\link.15140.write.1.tlog
c:\users\spawn\desktop\gbc\w2018\game2002 multimedia systems development\projects\base sfml project\baseproject\baseproject\debug\baseproject.tlog\link.command.1.tlog
c:\users\spawn\desktop\gbc\w2018\game2002 multimedia systems development\projects\base sfml project\baseproject\baseproject\debug\baseproject.tlog\link.read.1.tlog
c:\users\spawn\desktop\gbc\w2018\game2002 multimedia systems development\projects\base sfml project\baseproject\baseproject\debug\baseproject.tlog\link.write.1.tlog
